# JRE version: OpenJDK Runtime Environment (8.0_152-b02) (build 1.8.0_152-release-1024-b02)
# Java VM: OpenJDK 64-Bit Server VM (25.152-b02 mixed mode windows-amd64 compressed oops)
Heap:
 PSYoungGen      total 371200K, used 149630K [0x0000000781800000, 0x000000079e200000, 0x00000007c0000000)
  eden space 316928K, 30% used [0x0000000781800000,0x0000000787524ee8,0x0000000794d80000)
  from space 54272K, 99% used [0x0000000799480000,0x000000079c97abd0,0x000000079c980000)
  to   space 72704K, 0% used [0x0000000794d80000,0x0000000794d80000,0x0000000799480000)
 ParOldGen       total 166400K, used 98181K [0x0000000704800000, 0x000000070ea80000, 0x0000000781800000)
  object space 166400K, 59% used [0x0000000704800000,0x000000070a7e1720,0x000000070ea80000)
 Metaspace       used 91850K, capacity 96301K, committed 96512K, reserved 1132544K
  class space    used 11745K, capacity 12715K, committed 12800K, reserved 1048576K
GC Heap History (10 events):
Event: 652.208 GC heap before
{Heap before GC invocations=15 (full 3):
 PSYoungGen      total 360448K, used 360445K [0x0000000781800000, 0x000000079eb00000, 0x00000007c0000000)
  eden space 324096K, 100% used [0x0000000781800000,0x0000000795480000,0x0000000795480000)
  from space 36352K, 99% used [0x0000000795480000,0x00000007977ff5a0,0x0000000797800000)
  to   space 46080K, 0% used [0x000000079be00000,0x000000079be00000,0x000000079eb00000)
 ParOldGen       total 166400K, used 51043K [0x0000000704800000, 0x000000070ea80000, 0x0000000781800000)
  object space 166400K, 30% used [0x0000000704800000,0x00000007079d8de8,0x000000070ea80000)
 Metaspace       used 81075K, capacity 84335K, committed 84608K, reserved 1122304K
  class space    used 10504K, capacity 11300K, committed 11392K, reserved 1048576K
Event: 652.316 GC heap after
Heap after GC invocations=15 (full 3):
 PSYoungGen      total 420864K, used 41836K [0x0000000781800000, 0x000000079ea80000, 0x00000007c0000000)
  eden space 375296K, 0% used [0x0000000781800000,0x0000000781800000,0x0000000798680000)
  from space 45568K, 91% used [0x000000079be00000,0x000000079e6db1e0,0x000000079ea80000)
  to   space 51200K, 0% used [0x0000000798680000,0x0000000798680000,0x000000079b880000)
 ParOldGen       total 166400K, used 68970K [0x0000000704800000, 0x000000070ea80000, 0x0000000781800000)
  object space 166400K, 41% used [0x0000000704800000,0x0000000708b5aae0,0x000000070ea80000)
 Metaspace       used 81075K, capacity 84335K, committed 84608K, reserved 1122304K
  class space    used 10504K, capacity 11300K, committed 11392K, reserved 1048576K
}
Event: 931.615 GC heap before
{Heap before GC invocations=16 (full 3):
 PSYoungGen      total 420864K, used 417132K [0x0000000781800000, 0x000000079ea80000, 0x00000007c0000000)
  eden space 375296K, 100% used [0x0000000781800000,0x0000000798680000,0x0000000798680000)
  from space 45568K, 91% used [0x000000079be00000,0x000000079e6db1e0,0x000000079ea80000)
  to   space 51200K, 0% used [0x0000000798680000,0x0000000798680000,0x000000079b880000)
 ParOldGen       total 166400K, used 68970K [0x0000000704800000, 0x000000070ea80000, 0x0000000781800000)
  object space 166400K, 41% used [0x0000000704800000,0x0000000708b5aae0,0x000000070ea80000)
 Metaspace       used 81935K, capacity 85335K, committed 85376K, reserved 1124352K
  class space    used 10545K, capacity 11352K, committed 11392K, reserved 1048576K
Event: 931.947 GC heap after
Heap after GC invocations=16 (full 3):
 PSYoungGen      total 412160K, used 50284K [0x0000000781800000, 0x000000079ec00000, 0x00000007c0000000)
  eden space 361472K, 0% used [0x0000000781800000,0x0000000781800000,0x0000000797900000)
  from space 50688K, 99% used [0x0000000798680000,0x000000079b79b350,0x000000079b800000)
  to   space 53248K, 0% used [0x000000079b800000,0x000000079b800000,0x000000079ec00000)
 ParOldGen       total 166400K, used 68978K [0x0000000704800000, 0x000000070ea80000, 0x0000000781800000)
  object space 166400K, 41% used [0x0000000704800000,0x0000000708b5cae0,0x000000070ea80000)
 Metaspace       used 81935K, capacity 85335K, committed 85376K, reserved 1124352K
  class space    used 10545K, capacity 11352K, committed 11392K, reserved 1048576K
}
Event: 1078.862 GC heap before
{Heap before GC invocations=17 (full 3):
 PSYoungGen      total 412160K, used 411756K [0x0000000781800000, 0x000000079ec00000, 0x00000007c0000000)
  eden space 361472K, 100% used [0x0000000781800000,0x0000000797900000,0x0000000797900000)
  from space 50688K, 99% used [0x0000000798680000,0x000000079b79b350,0x000000079b800000)
  to   space 53248K, 0% used [0x000000079b800000,0x000000079b800000,0x000000079ec00000)
 ParOldGen       total 166400K, used 68978K [0x0000000704800000, 0x000000070ea80000, 0x0000000781800000)
  object space 166400K, 41% used [0x0000000704800000,0x0000000708b5cae0,0x000000070ea80000)
 Metaspace       used 82390K, capacity 85799K, committed 85888K, reserved 1124352K
  class space    used 10565K, capacity 11388K, committed 11392K, reserved 1048576K
Event: 1079.029 GC heap after
Heap after GC invocations=17 (full 3):
 PSYoungGen      total 381952K, used 26127K [0x0000000781800000, 0x000000079d900000, 0x00000007c0000000)
  eden space 348160K, 0% used [0x0000000781800000,0x0000000781800000,0x0000000796c00000)
  from space 33792K, 77% used [0x000000079b800000,0x000000079d183ca8,0x000000079d900000)
  to   space 55808K, 0% used [0x0000000796c00000,0x0000000796c00000,0x000000079a280000)
 ParOldGen       total 166400K, used 68986K [0x0000000704800000, 0x000000070ea80000, 0x0000000781800000)
  object space 166400K, 41% used [0x0000000704800000,0x0000000708b5eae0,0x000000070ea80000)
 Metaspace       used 82390K, capacity 85799K, committed 85888K, reserved 1124352K
  class space    used 10565K, capacity 11388K, committed 11392K, reserved 1048576K
}
Event: 1184.065 GC heap before
{Heap before GC invocations=18 (full 3):
 PSYoungGen      total 381952K, used 374287K [0x0000000781800000, 0x000000079d900000, 0x00000007c0000000)
  eden space 348160K, 100% used [0x0000000781800000,0x0000000796c00000,0x0000000796c00000)
  from space 33792K, 77% used [0x000000079b800000,0x000000079d183ca8,0x000000079d900000)
  to   space 55808K, 0% used [0x0000000796c00000,0x0000000796c00000,0x000000079a280000)
 ParOldGen       total 166400K, used 68986K [0x0000000704800000, 0x000000070ea80000, 0x0000000781800000)
  object space 166400K, 41% used [0x0000000704800000,0x0000000708b5eae0,0x000000070ea80000)
 Metaspace       used 82890K, capacity 86411K, committed 86784K, reserved 1124352K
  class space    used 10583K, capacity 11394K, committed 11520K, reserved 1048576K
Event: 1184.199 GC heap after
Heap after GC invocations=18 (full 3):
 PSYoungGen      total 364544K, used 28961K [0x0000000781800000, 0x000000079c980000, 0x00000007c0000000)
  eden space 335360K, 0% used [0x0000000781800000,0x0000000781800000,0x0000000795f80000)
  from space 29184K, 99% used [0x0000000796c00000,0x00000007988487b0,0x0000000798880000)
  to   space 54272K, 0% used [0x0000000799480000,0x0000000799480000,0x000000079c980000)
 ParOldGen       total 166400K, used 68994K [0x0000000704800000, 0x000000070ea80000, 0x0000000781800000)
  object space 166400K, 41% used [0x0000000704800000,0x0000000708b60ae0,0x000000070ea80000)
 Metaspace       used 82890K, capacity 86411K, committed 86784K, reserved 1124352K
  class space    used 10583K, capacity 11394K, committed 11520K, reserved 1048576K
}
Event: 1207.918 GC heap before
{Heap before GC invocations=19 (full 3):
 PSYoungGen      total 364544K, used 364321K [0x0000000781800000, 0x000000079c980000, 0x00000007c0000000)
  eden space 335360K, 100% used [0x0000000781800000,0x0000000795f80000,0x0000000795f80000)
  from space 29184K, 99% used [0x0000000796c00000,0x00000007988487b0,0x0000000798880000)
  to   space 54272K, 0% used [0x0000000799480000,0x0000000799480000,0x000000079c980000)
 ParOldGen       total 166400K, used 68994K [0x0000000704800000, 0x000000070ea80000, 0x0000000781800000)
  object space 166400K, 41% used [0x0000000704800000,0x0000000708b60ae0,0x000000070ea80000)
 Metaspace       used 91644K, capacity 96089K, committed 96256K, reserved 1132544K
  class space    used 11738K, capacity 12713K, committed 12800K, reserved 1048576K
Event: 1208.209 GC heap after
Heap after GC invocations=19 (full 3):
 PSYoungGen      total 371200K, used 54250K [0x0000000781800000, 0x000000079e200000, 0x00000007c0000000)
  eden space 316928K, 0% used [0x0000000781800000,0x0000000781800000,0x0000000794d80000)
  from space 54272K, 99% used [0x0000000799480000,0x000000079c97abd0,0x000000079c980000)
  to   space 72704K, 0% used [0x0000000794d80000,0x0000000794d80000,0x0000000799480000)
 ParOldGen       total 166400K, used 98181K [0x0000000704800000, 0x000000070ea80000, 0x0000000781800000)
  object space 166400K, 59% used [0x0000000704800000,0x000000070a7e1720,0x000000070ea80000)
 Metaspace       used 91644K, capacity 96089K, committed 96256K, reserved 1132544K
  class space    used 11738K, capacity 12713K, committed 12800K, reserved 1048576K
}

